[debug] [2022-08-26T16:42:27.951Z] ----------------------------------------------------------------------
[debug] [2022-08-26T16:42:27.953Z] Command:       C:\Program Files\nodejs\node.exe C:\Users\hp\AppData\Roaming\npm\node_modules\firebase-tools\lib\bin\firebase.js init
[debug] [2022-08-26T16:42:27.954Z] CLI Version:   11.8.0
[debug] [2022-08-26T16:42:27.954Z] Platform:      win32
[debug] [2022-08-26T16:42:27.954Z] Node Version:  v16.15.1
[debug] [2022-08-26T16:42:27.955Z] Time:          Fri Aug 26 2022 17:42:27 GMT+0100 (UTC+01:00)
[debug] [2022-08-26T16:42:27.956Z] ----------------------------------------------------------------------
[debug] 
[debug] [2022-08-26T16:42:27.966Z] > command requires scopes: ["email","openid","https://www.googleapis.com/auth/cloudplatformprojects.readonly","https://www.googleapis.com/auth/firebase","https://www.googleapis.com/auth/cloud-platform"]
[debug] [2022-08-26T16:42:27.966Z] > authorizing via signed-in user (mehdiaitlhouss@gmail.com)
[info] 
     ######## #### ########  ######## ########     ###     ######  ########
     ##        ##  ##     ## ##       ##     ##  ##   ##  ##       ##
     ######    ##  ########  ######   ########  #########  ######  ######
     ##        ##  ##    ##  ##       ##     ## ##     ##       ## ##
     ##       #### ##     ## ######## ########  ##     ##  ######  ########

You're about to initialize a Firebase project in this directory:

  C:\Users\hp\AndroidStudioProjects\iot-project\LivestockMonitoring

[info] 
=== Project Setup
[info] 
[info] First, let's associate this project directory with a Firebase project.
[info] You can create multiple project aliases by running firebase use --add, 
[info] but for now we'll just set up a default project.
[info] 
[debug] [2022-08-26T16:42:59.986Z] >>> [apiv2][query] GET https://firebase.googleapis.com/v1beta1/projects pageSize=100
[debug] [2022-08-26T16:43:00.554Z] <<< [apiv2][status] GET https://firebase.googleapis.com/v1beta1/projects 200
[debug] [2022-08-26T16:43:00.554Z] <<< [apiv2][body] GET https://firebase.googleapis.com/v1beta1/projects [omitted]
[info] i  Using project livestock-monitoring-e645e (Livestock Monitoring) 
[info] 
=== Database Setup
[info] i  database: ensuring required API firebasedatabase.googleapis.com is enabled... 
[debug] [2022-08-26T16:43:02.075Z] >>> [apiv2][query] GET https://serviceusage.googleapis.com/v1/projects/livestock-monitoring-e645e/services/firebasedatabase.googleapis.com [none]
[debug] [2022-08-26T16:43:03.112Z] <<< [apiv2][status] GET https://serviceusage.googleapis.com/v1/projects/livestock-monitoring-e645e/services/firebasedatabase.googleapis.com 200
[debug] [2022-08-26T16:43:03.113Z] <<< [apiv2][body] GET https://serviceusage.googleapis.com/v1/projects/livestock-monitoring-e645e/services/firebasedatabase.googleapis.com [omitted]
[info] +  database: required API firebasedatabase.googleapis.com is enabled 
[info] 
[debug] [2022-08-26T16:43:03.116Z] >>> [apiv2][query] GET https://firebasedatabase.googleapis.com/v1beta/projects/livestock-monitoring-e645e/locations/-/instances/livestock-monitoring-e645e-default-rtdb [none]
[debug] [2022-08-26T16:43:03.632Z] <<< [apiv2][status] GET https://firebasedatabase.googleapis.com/v1beta/projects/livestock-monitoring-e645e/locations/-/instances/livestock-monitoring-e645e-default-rtdb 200
[debug] [2022-08-26T16:43:03.634Z] <<< [apiv2][body] GET https://firebasedatabase.googleapis.com/v1beta/projects/livestock-monitoring-e645e/locations/-/instances/livestock-monitoring-e645e-default-rtdb {"name":"projects/623452809339/locations/us-central1/instances/livestock-monitoring-e645e-default-rtdb","project":"projects/623452809339","databaseUrl":"https://livestock-monitoring-e645e-default-rtdb.firebaseio.com","type":"DEFAULT_DATABASE","state":"ACTIVE"}
[info] 
[info] Firebase Realtime Database Security Rules allow you to define how your data should be
[info] structured and when your data can be read from and written to.
[info] 
[debug] [2022-08-26T16:43:42.684Z] >>> [apiv2][query] GET https://livestock-monitoring-e645e-default-rtdb.firebaseio.com/.settings/rules.json [none]
[debug] [2022-08-26T16:43:43.243Z] <<< [apiv2][status] GET https://livestock-monitoring-e645e-default-rtdb.firebaseio.com/.settings/rules.json 200
[debug] [2022-08-26T16:43:43.243Z] <<< [apiv2][body] GET https://livestock-monitoring-e645e-default-rtdb.firebaseio.com/.settings/rules.json [stream]
[info] +  Database Rules for livestock-monitoring-e645e-default-rtdb have been written to database.rules.json. 
[info] Future modifications to database.rules.json will update Realtime Database Security Rules when you run
[info] firebase deploy.
[info] 
=== Firestore Setup
[debug] [2022-08-26T16:43:43.253Z] >>> [apiv2][query] GET https://serviceusage.googleapis.com/v1/projects/livestock-monitoring-e645e/services/firestore.googleapis.com [none]
[debug] [2022-08-26T16:43:44.181Z] <<< [apiv2][status] GET https://serviceusage.googleapis.com/v1/projects/livestock-monitoring-e645e/services/firestore.googleapis.com 200
[debug] [2022-08-26T16:43:44.181Z] <<< [apiv2][body] GET https://serviceusage.googleapis.com/v1/projects/livestock-monitoring-e645e/services/firestore.googleapis.com [omitted]
[debug] [2022-08-26T16:43:44.181Z] >>> [apiv2][query] GET https://appengine.googleapis.com/v1/apps/livestock-monitoring-e645e [none]
[debug] [2022-08-26T16:43:44.681Z] <<< [apiv2][status] GET https://appengine.googleapis.com/v1/apps/livestock-monitoring-e645e 200
[debug] [2022-08-26T16:43:44.681Z] <<< [apiv2][body] GET https://appengine.googleapis.com/v1/apps/livestock-monitoring-e645e {"name":"apps/livestock-monitoring-e645e","id":"livestock-monitoring-e645e","authDomain":"gmail.com","locationId":"us-central","codeBucket":"staging.livestock-monitoring-e645e.appspot.com","servingStatus":"SERVING","defaultHostname":"livestock-monitoring-e645e.uc.r.appspot.com","defaultBucket":"livestock-monitoring-e645e.appspot.com","serviceAccount":"livestock-monitoring-e645e@appspot.gserviceaccount.com","gcrDomain":"us.gcr.io","databaseType":"CLOUD_FIRESTORE","featureSettings":{"splitHealthChecks":true,"useContainerOptimizedOs":true}}
[debug] [2022-08-26T16:43:44.681Z] database_type: CLOUD_FIRESTORE
[debug] [2022-08-26T16:43:44.682Z] > command requires scopes: ["email","openid","https://www.googleapis.com/auth/cloudplatformprojects.readonly","https://www.googleapis.com/auth/firebase","https://www.googleapis.com/auth/cloud-platform"]
[debug] [2022-08-26T16:43:44.682Z] > authorizing via signed-in user (mehdiaitlhouss@gmail.com)
[debug] [2022-08-26T16:43:44.682Z] [iam] checking project livestock-monitoring-e645e for permissions ["firebase.projects.get"]
[debug] [2022-08-26T16:43:44.683Z] >>> [apiv2][query] POST https://cloudresourcemanager.googleapis.com/v1/projects/livestock-monitoring-e645e:testIamPermissions [none]
[debug] [2022-08-26T16:43:44.683Z] >>> [apiv2][(partial)header] POST https://cloudresourcemanager.googleapis.com/v1/projects/livestock-monitoring-e645e:testIamPermissions x-goog-quota-user=projects/livestock-monitoring-e645e
[debug] [2022-08-26T16:43:44.683Z] >>> [apiv2][body] POST https://cloudresourcemanager.googleapis.com/v1/projects/livestock-monitoring-e645e:testIamPermissions {"permissions":["firebase.projects.get"]}
[debug] [2022-08-26T16:43:45.602Z] <<< [apiv2][status] POST https://cloudresourcemanager.googleapis.com/v1/projects/livestock-monitoring-e645e:testIamPermissions 200
[debug] [2022-08-26T16:43:45.602Z] <<< [apiv2][body] POST https://cloudresourcemanager.googleapis.com/v1/projects/livestock-monitoring-e645e:testIamPermissions {"permissions":["firebase.projects.get"]}
[info] 
[info] Firestore Security Rules allow you to define how and when to allow
[info] requests. You can keep these rules in your project directory
[info] and publish them with firebase deploy.
[info] 
[debug] [2022-08-26T16:43:50.056Z] >>> [apiv2][query] GET https://firebaserules.googleapis.com/v1/projects/livestock-monitoring-e645e/releases pageSize=10&pageToken=
[debug] [2022-08-26T16:43:50.928Z] <<< [apiv2][status] GET https://firebaserules.googleapis.com/v1/projects/livestock-monitoring-e645e/releases 200
[debug] [2022-08-26T16:43:50.928Z] <<< [apiv2][body] GET https://firebaserules.googleapis.com/v1/projects/livestock-monitoring-e645e/releases {"releases":[{"name":"projects/livestock-monitoring-e645e/releases/cloud.firestore","rulesetName":"projects/livestock-monitoring-e645e/rulesets/81b832e5-cd54-4e66-86a7-470a0dfd09d0","createTime":"2022-08-26T16:41:57.352660Z","updateTime":"2022-08-26T16:41:57.352660Z"}]}
[debug] [2022-08-26T16:43:50.928Z] Found ruleset: projects/livestock-monitoring-e645e/rulesets/81b832e5-cd54-4e66-86a7-470a0dfd09d0
[debug] [2022-08-26T16:43:50.929Z] >>> [apiv2][query] GET https://firebaserules.googleapis.com/v1/projects/livestock-monitoring-e645e/rulesets/81b832e5-cd54-4e66-86a7-470a0dfd09d0 [none]
[debug] [2022-08-26T16:43:51.746Z] <<< [apiv2][status] GET https://firebaserules.googleapis.com/v1/projects/livestock-monitoring-e645e/rulesets/81b832e5-cd54-4e66-86a7-470a0dfd09d0 200
[debug] [2022-08-26T16:43:51.746Z] <<< [apiv2][body] GET https://firebaserules.googleapis.com/v1/projects/livestock-monitoring-e645e/rulesets/81b832e5-cd54-4e66-86a7-470a0dfd09d0 [omitted]
[info] 
[info] Firestore indexes allow you to perform complex queries while
[info] maintaining performance that scales with the size of the result
[info] set. You can keep index definitions in your project directory
[info] and publish them with firebase deploy.
[info] 
[debug] [2022-08-26T16:43:54.606Z] >>> [apiv2][query] GET https://firestore.googleapis.com/v1/projects/livestock-monitoring-e645e/databases/(default)/collectionGroups/-/indexes [none]
[debug] [2022-08-26T16:43:54.608Z] >>> [apiv2][query] GET https://firestore.googleapis.com/v1/projects/livestock-monitoring-e645e/databases/(default)/collectionGroups/-/fields?filter=indexConfig.usesAncestorConfig=false [none]
[debug] [2022-08-26T16:43:55.944Z] <<< [apiv2][status] GET https://firestore.googleapis.com/v1/projects/livestock-monitoring-e645e/databases/(default)/collectionGroups/-/indexes 200
[debug] [2022-08-26T16:43:55.945Z] <<< [apiv2][body] GET https://firestore.googleapis.com/v1/projects/livestock-monitoring-e645e/databases/(default)/collectionGroups/-/indexes {}
[debug] [2022-08-26T16:43:56.356Z] <<< [apiv2][status] GET https://firestore.googleapis.com/v1/projects/livestock-monitoring-e645e/databases/(default)/collectionGroups/-/fields?filter=indexConfig.usesAncestorConfig=false 200
[debug] [2022-08-26T16:43:56.356Z] <<< [apiv2][body] GET https://firestore.googleapis.com/v1/projects/livestock-monitoring-e645e/databases/(default)/collectionGroups/-/fields?filter=indexConfig.usesAncestorConfig=false {"fields":[{"name":"projects/livestock-monitoring-e645e/databases/(default)/collectionGroups/__default__/fields/*","indexConfig":{"indexes":[{"queryScope":"COLLECTION","fields":[{"fieldPath":"*","order":"ASCENDING"}],"state":"READY"},{"queryScope":"COLLECTION","fields":[{"fieldPath":"*","order":"DESCENDING"}],"state":"READY"},{"queryScope":"COLLECTION","fields":[{"fieldPath":"*","arrayConfig":"CONTAINS"}],"state":"READY"}]}}]}
[info] 
=== Functions Setup
[info] 
[info] A functions directory will be created in your project with sample code
[info] pre-configured. Functions can be deployed with firebase deploy.
[info] 
[debug] [2022-08-26T16:43:56.362Z] > command requires scopes: ["email","openid","https://www.googleapis.com/auth/cloudplatformprojects.readonly","https://www.googleapis.com/auth/firebase","https://www.googleapis.com/auth/cloud-platform"]
[debug] [2022-08-26T16:43:56.362Z] > authorizing via signed-in user (mehdiaitlhouss@gmail.com)
[debug] [2022-08-26T16:43:56.362Z] [iam] checking project livestock-monitoring-e645e for permissions ["firebase.projects.get"]
[debug] [2022-08-26T16:43:56.363Z] >>> [apiv2][query] POST https://cloudresourcemanager.googleapis.com/v1/projects/livestock-monitoring-e645e:testIamPermissions [none]
[debug] [2022-08-26T16:43:56.363Z] >>> [apiv2][(partial)header] POST https://cloudresourcemanager.googleapis.com/v1/projects/livestock-monitoring-e645e:testIamPermissions x-goog-quota-user=projects/livestock-monitoring-e645e
[debug] [2022-08-26T16:43:56.363Z] >>> [apiv2][body] POST https://cloudresourcemanager.googleapis.com/v1/projects/livestock-monitoring-e645e:testIamPermissions {"permissions":["firebase.projects.get"]}
[debug] [2022-08-26T16:43:57.175Z] <<< [apiv2][status] POST https://cloudresourcemanager.googleapis.com/v1/projects/livestock-monitoring-e645e:testIamPermissions 200
[debug] [2022-08-26T16:43:57.176Z] <<< [apiv2][body] POST https://cloudresourcemanager.googleapis.com/v1/projects/livestock-monitoring-e645e:testIamPermissions {"permissions":["firebase.projects.get"]}
[debug] [2022-08-26T16:43:57.176Z] >>> [apiv2][query] GET https://serviceusage.googleapis.com/v1/projects/livestock-monitoring-e645e/services/cloudfunctions.googleapis.com [none]
[debug] [2022-08-26T16:43:57.180Z] >>> [apiv2][query] GET https://serviceusage.googleapis.com/v1/projects/livestock-monitoring-e645e/services/runtimeconfig.googleapis.com [none]
[debug] [2022-08-26T16:43:58.099Z] <<< [apiv2][status] GET https://serviceusage.googleapis.com/v1/projects/livestock-monitoring-e645e/services/runtimeconfig.googleapis.com 200
[debug] [2022-08-26T16:43:58.099Z] <<< [apiv2][body] GET https://serviceusage.googleapis.com/v1/projects/livestock-monitoring-e645e/services/runtimeconfig.googleapis.com [omitted]
[debug] [2022-08-26T16:43:58.102Z] <<< [apiv2][status] GET https://serviceusage.googleapis.com/v1/projects/livestock-monitoring-e645e/services/cloudfunctions.googleapis.com 200
[debug] [2022-08-26T16:43:58.102Z] <<< [apiv2][body] GET https://serviceusage.googleapis.com/v1/projects/livestock-monitoring-e645e/services/cloudfunctions.googleapis.com [omitted]
[debug] [2022-08-26T16:43:58.103Z] >>> [apiv2][query] POST https://serviceusage.googleapis.com/v1/projects/livestock-monitoring-e645e/services/cloudfunctions.googleapis.com:enable [none]
[debug] [2022-08-26T16:43:59.937Z] <<< [apiv2][status] POST https://serviceusage.googleapis.com/v1/projects/livestock-monitoring-e645e/services/cloudfunctions.googleapis.com:enable 200
[debug] [2022-08-26T16:43:59.937Z] <<< [apiv2][body] POST https://serviceusage.googleapis.com/v1/projects/livestock-monitoring-e645e/services/cloudfunctions.googleapis.com:enable [omitted]
[debug] [2022-08-26T16:44:09.948Z] >>> [apiv2][query] GET https://serviceusage.googleapis.com/v1/projects/livestock-monitoring-e645e/services/cloudfunctions.googleapis.com [none]
[debug] [2022-08-26T16:44:11.104Z] <<< [apiv2][status] GET https://serviceusage.googleapis.com/v1/projects/livestock-monitoring-e645e/services/cloudfunctions.googleapis.com 200
[debug] [2022-08-26T16:44:11.104Z] <<< [apiv2][body] GET https://serviceusage.googleapis.com/v1/projects/livestock-monitoring-e645e/services/cloudfunctions.googleapis.com [omitted]
[info] +  Wrote functions/package.json 
[info] +  Wrote functions/.eslintrc.js 
[info] +  Wrote functions/index.js 
[info] +  Wrote functions/.gitignore 
[info] 
=== Hosting Setup
[info] 
[info] Your public directory is the folder (relative to your project directory) that
[info] will contain Hosting assets to be uploaded with firebase deploy. If you
[info] have a build process for your assets, use your build's output directory.
[info] 
[debug] [2022-08-26T16:46:17.971Z] >>> [apiv2][query] GET https://www.gstatic.com/firebasejs/releases.json [none]
[debug] [2022-08-26T16:46:18.311Z] <<< [apiv2][status] GET https://www.gstatic.com/firebasejs/releases.json 200
[debug] [2022-08-26T16:46:18.311Z] <<< [apiv2][body] GET https://www.gstatic.com/firebasejs/releases.json {"current":{"version":"9.9.3","browserURL":"https://www.gstatic.com/firebasejs/9.9.3/firebase.js","packageURL":"https://www.gstatic.com/firebasejs/9.9.3/firebase.tgz"},"live":{"version":"9.9","browserURL":"https://www.gstatic.com/firebasejs/live/9.9/firebase.js","packageURL":"https://www.gstatic.com/firebasejs/live/9.9/firebase.tgz"},"components":{"analytics":"https://www.gstatic.com/firebasejs/9.9.3/firebase-analytics.js","app":"https://www.gstatic.com/firebasejs/9.9.3/firebase-app.js","app-check":"https://www.gstatic.com/firebasejs/9.9.3/firebase-app-check.js","auth":"https://www.gstatic.com/firebasejs/9.9.3/firebase-auth.js","auth/cordova":"https://www.gstatic.com/firebasejs/9.9.3/firebase-auth/cordova.js","auth/react-native":"https://www.gstatic.com/firebasejs/9.9.3/firebase-auth/react-native.js","functions":"https://www.gstatic.com/firebasejs/9.9.3/firebase-functions.js","firestore":"https://www.gstatic.com/firebasejs/9.9.3/firebase-firestore.js","firestore/lite":"https://www.gstatic.com/firebasejs/9.9.3/firebase-firestore/lite.js","installations":"https://www.gstatic.com/firebasejs/9.9.3/firebase-installations.js","storage":"https://www.gstatic.com/firebasejs/9.9.3/firebase-storage.js","performance":"https://www.gstatic.com/firebasejs/9.9.3/firebase-performance.js","remote-config":"https://www.gstatic.com/firebasejs/9.9.3/firebase-remote-config.js","messaging":"https://www.gstatic.com/firebasejs/9.9.3/firebase-messaging.js","messaging/sw":"https://www.gstatic.com/firebasejs/9.9.3/firebase-messaging/sw.js","database":"https://www.gstatic.com/firebasejs/9.9.3/firebase-database.js","firestore.memory":"https://www.gstatic.com/firebasejs/9.9.3/firebase-firestore.memory.js"}}
[info] +  Wrote public/index.html 
[info] 
[info] i  Didn't detect a .git folder. Assuming C:\Users\hp\AndroidStudioProjects\iot-project\LivestockMonitoring is the project root. 
[info] i  Authorizing with GitHub to upload your service account to a GitHub repository's secrets store. 
[info] 
[info] Visit this URL on this device to log in:
[info] https://github.com/login/oauth/authorize?client_id=89cf50f02ac6aaed3484&state=543751146&redirect_uri=http%3A%2F%2Flocalhost%3A9005&scope=read%3Auser%20repo%20public_repo
[info] 
[info] Waiting for authentication...
[debug] [2022-08-26T16:46:43.832Z] >>> [apiv2][query] POST https://github.com/login/oauth/access_token [none]
[debug] [2022-08-26T16:46:43.832Z] >>> [apiv2][body] POST https://github.com/login/oauth/access_token [stream]
[debug] [2022-08-26T16:46:44.364Z] <<< [apiv2][status] POST https://github.com/login/oauth/access_token 200
[debug] [2022-08-26T16:46:44.365Z] <<< [apiv2][body] POST https://github.com/login/oauth/access_token {"access_token":"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","token_type":"bearer","scope":"read:user,repo"}
[debug] [2022-08-26T16:46:44.400Z] >>> [apiv2][query] GET https://api.github.com/user [none]
[debug] [2022-08-26T16:46:44.799Z] <<< [apiv2][status] GET https://api.github.com/user 200
[debug] [2022-08-26T16:46:44.799Z] <<< [apiv2][body] GET https://api.github.com/user {"login":"mehdiaitlhouss","id":67192175,"node_id":"MDQ6VXNlcjY3MTkyMTc1","avatar_url":"https://avatars.githubusercontent.com/u/67192175?v=4","gravatar_id":"","url":"https://api.github.com/users/mehdiaitlhouss","html_url":"https://github.com/mehdiaitlhouss","followers_url":"https://api.github.com/users/mehdiaitlhouss/followers","following_url":"https://api.github.com/users/mehdiaitlhouss/following{/other_user}","gists_url":"https://api.github.com/users/mehdiaitlhouss/gists{/gist_id}","starred_url":"https://api.github.com/users/mehdiaitlhouss/starred{/owner}{/repo}","subscriptions_url":"https://api.github.com/users/mehdiaitlhouss/subscriptions","organizations_url":"https://api.github.com/users/mehdiaitlhouss/orgs","repos_url":"https://api.github.com/users/mehdiaitlhouss/repos","events_url":"https://api.github.com/users/mehdiaitlhouss/events{/privacy}","received_events_url":"https://api.github.com/users/mehdiaitlhouss/received_events","type":"User","site_admin":false,"name":"MEHDI AIT LHOUSS","company":null,"blog":"","location":null,"email":null,"hireable":null,"bio":null,"twitter_username":null,"public_repos":16,"public_gists":0,"followers":8,"following":4,"created_at":"2020-06-20T12:06:14Z","updated_at":"2022-08-07T11:55:28Z","private_gists":0,"total_private_repos":1,"owned_private_repos":1,"disk_usage":95022,"collaborators":0,"two_factor_authentication":false,"plan":{"name":"pro","space":976562499,"collaborators":0,"private_repos":9999}}
[info] 
[info] +  Success! Logged into GitHub as mehdiaitlhouss 
[info] 
[debug] [2022-08-26T16:47:04.880Z] >>> [apiv2][query] GET https://api.github.com/repos//actions/secrets/public-key type=owner
[debug] [2022-08-26T16:47:05.380Z] <<< [apiv2][status] GET https://api.github.com/repos//actions/secrets/public-key 404
[debug] [2022-08-26T16:47:05.380Z] <<< [apiv2][body] GET https://api.github.com/repos//actions/secrets/public-key {"message":"Not Found","documentation_url":"https://docs.github.com/rest"}
[debug] [2022-08-26T16:47:11.233Z] >>> [apiv2][query] GET https://api.github.com/repos//actions/secrets/public-key type=owner
[debug] [2022-08-26T16:47:11.626Z] <<< [apiv2][status] GET https://api.github.com/repos//actions/secrets/public-key 404
[debug] [2022-08-26T16:47:11.626Z] <<< [apiv2][body] GET https://api.github.com/repos//actions/secrets/public-key {"message":"Not Found","documentation_url":"https://docs.github.com/rest"}
[debug] [2022-08-26T16:47:55.113Z] >>> [apiv2][query] GET https://api.github.com/repos//actions/secrets/public-key type=owner
[debug] [2022-08-26T16:47:55.454Z] <<< [apiv2][status] GET https://api.github.com/repos//actions/secrets/public-key 404
[debug] [2022-08-26T16:47:55.454Z] <<< [apiv2][body] GET https://api.github.com/repos//actions/secrets/public-key {"message":"Not Found","documentation_url":"https://docs.github.com/rest"}
[debug] [2022-08-26T16:49:56.367Z] >>> [apiv2][query] GET https://api.github.com/repos//actions/secrets/public-key type=owner
[debug] [2022-08-26T16:49:56.796Z] <<< [apiv2][status] GET https://api.github.com/repos//actions/secrets/public-key 404
[debug] [2022-08-26T16:49:56.796Z] <<< [apiv2][body] GET https://api.github.com/repos//actions/secrets/public-key {"message":"Not Found","documentation_url":"https://docs.github.com/rest"}
[debug] [2022-08-26T16:50:32.103Z] >>> [apiv2][query] GET https://api.github.com/repos/mehdiaitlhouss/firebaseCLI/actions/secrets/public-key type=owner
[debug] [2022-08-26T16:50:32.432Z] <<< [apiv2][status] GET https://api.github.com/repos/mehdiaitlhouss/firebaseCLI/actions/secrets/public-key 404
[debug] [2022-08-26T16:50:32.433Z] <<< [apiv2][body] GET https://api.github.com/repos/mehdiaitlhouss/firebaseCLI/actions/secrets/public-key {"message":"Not Found","documentation_url":"https://docs.github.com/rest/reference/actions#get-a-repository-public-key"}
[debug] [2022-08-26T16:50:41.781Z] >>> [apiv2][query] GET https://api.github.com/repos/mehdiaitlhouss/firebaseCLI/actions/secrets/public-key type=owner
[debug] [2022-08-26T16:50:42.260Z] <<< [apiv2][status] GET https://api.github.com/repos/mehdiaitlhouss/firebaseCLI/actions/secrets/public-key 404
[debug] [2022-08-26T16:50:42.260Z] <<< [apiv2][body] GET https://api.github.com/repos/mehdiaitlhouss/firebaseCLI/actions/secrets/public-key {"message":"Not Found","documentation_url":"https://docs.github.com/rest/reference/actions#get-a-repository-public-key"}
[debug] [2022-08-26T16:53:46.662Z] >>> [apiv2][query] GET https://api.github.com/repos/mehdiaitlhouss/actions/secrets/public-key type=owner
[debug] [2022-08-26T16:53:46.665Z] >>> [apiv2][query] GET https://api.github.com/repos///actions/secrets/public-key type=owner
[debug] [2022-08-26T16:53:47.106Z] <<< [apiv2][status] GET https://api.github.com/repos///actions/secrets/public-key 404
[debug] [2022-08-26T16:53:47.106Z] <<< [apiv2][body] GET https://api.github.com/repos///actions/secrets/public-key {"message":"Not Found","documentation_url":"https://docs.github.com/rest"}
[debug] [2022-08-26T16:53:47.108Z] <<< [apiv2][status] GET https://api.github.com/repos/mehdiaitlhouss/actions/secrets/public-key 404
[debug] [2022-08-26T16:53:47.109Z] <<< [apiv2][body] GET https://api.github.com/repos/mehdiaitlhouss/actions/secrets/public-key {"message":"Not Found","documentation_url":"https://docs.github.com/rest"}
[debug] [2022-08-26T16:53:52.244Z] >>> [apiv2][query] GET https://api.github.com/repos/mehdiaitlhouss/actions/secrets/public-key type=owner
[debug] [2022-08-26T16:53:52.246Z] >>> [apiv2][query] GET https://api.github.com/repos///actions/secrets/public-key type=owner
[debug] [2022-08-26T16:53:52.631Z] <<< [apiv2][status] GET https://api.github.com/repos///actions/secrets/public-key 404
[debug] [2022-08-26T16:53:52.631Z] <<< [apiv2][body] GET https://api.github.com/repos///actions/secrets/public-key {"message":"Not Found","documentation_url":"https://docs.github.com/rest"}
[debug] [2022-08-26T16:53:52.638Z] <<< [apiv2][status] GET https://api.github.com/repos/mehdiaitlhouss/actions/secrets/public-key 404
[debug] [2022-08-26T16:53:52.638Z] <<< [apiv2][body] GET https://api.github.com/repos/mehdiaitlhouss/actions/secrets/public-key {"message":"Not Found","documentation_url":"https://docs.github.com/rest"}
[debug] [2022-08-26T16:54:02.025Z] >>> [apiv2][query] GET https://api.github.com/repos/mehdiaitlhoussmehdiaitlhouss/actions/secrets/public-key type=owner
[debug] [2022-08-26T16:54:02.028Z] >>> [apiv2][query] GET https://api.github.com/repos///actions/secrets/public-key type=owner
[debug] [2022-08-26T16:54:02.663Z] <<< [apiv2][status] GET https://api.github.com/repos///actions/secrets/public-key 404
[debug] [2022-08-26T16:54:02.664Z] <<< [apiv2][body] GET https://api.github.com/repos///actions/secrets/public-key {"message":"Not Found","documentation_url":"https://docs.github.com/rest"}
[debug] [2022-08-26T16:54:02.666Z] <<< [apiv2][status] GET https://api.github.com/repos/mehdiaitlhoussmehdiaitlhouss/actions/secrets/public-key 404
[debug] [2022-08-26T16:54:02.666Z] <<< [apiv2][body] GET https://api.github.com/repos/mehdiaitlhoussmehdiaitlhouss/actions/secrets/public-key {"message":"Not Found","documentation_url":"https://docs.github.com/rest"}
[debug] [2022-08-26T16:54:14.956Z] >>> [apiv2][query] GET https://api.github.com/repos//actions/secrets/public-key type=owner
[debug] [2022-08-26T16:54:15.370Z] >>> [apiv2][query] GET https://api.github.com/repos//actions/secrets/public-key type=owner
[debug] [2022-08-26T16:54:15.390Z] <<< [apiv2][status] GET https://api.github.com/repos//actions/secrets/public-key 404
[debug] [2022-08-26T16:54:15.390Z] <<< [apiv2][body] GET https://api.github.com/repos//actions/secrets/public-key {"message":"Not Found","documentation_url":"https://docs.github.com/rest"}
[debug] [2022-08-26T16:54:15.526Z] >>> [apiv2][query] GET https://api.github.com/repos//actions/secrets/public-key type=owner
[debug] [2022-08-26T16:54:15.681Z] <<< [apiv2][status] GET https://api.github.com/repos//actions/secrets/public-key 404
[debug] [2022-08-26T16:54:15.681Z] <<< [apiv2][body] GET https://api.github.com/repos//actions/secrets/public-key {"message":"Not Found","documentation_url":"https://docs.github.com/rest"}
[debug] [2022-08-26T16:54:15.834Z] <<< [apiv2][status] GET https://api.github.com/repos//actions/secrets/public-key 404
[debug] [2022-08-26T16:54:15.834Z] <<< [apiv2][body] GET https://api.github.com/repos//actions/secrets/public-key {"message":"Not Found","documentation_url":"https://docs.github.com/rest"}
